<?xml version="1.0" encoding="UTF-8"?>
<!-- Generated by org.testng.reporters.JUnitXMLReporter -->
<testsuite ignored="0" hostname="LIN66010984" failures="0" tests="6" name="myTest" time="93.519" errors="0" timestamp="2023-09-19T15:25:57 IST">
  <testcase classname="com.testng.HRMAppAuto" name="webDriverLaunch" time="92.121"/>
  <testcase classname="com.testng.HRMAppAuto" name="login" time="1.016"/>
  <testcase classname="com.testng.HRMAppAuto" name="close" time="0.306"/>
  <testcase classname="com.testng.NewTestng" name="test1" time="0.004"/>
  <testcase classname="com.testng.NewTestng" name="test2" time="0.003"/>
  <testcase classname="com.testng.NewTestng" name="test3" time="0.003"/>
</testsuite> <!-- myTest -->
