<?xml version="1.0" encoding="UTF-8"?>
<!-- Generated by org.testng.reporters.JUnitXMLReporter -->
<testsuite ignored="0" hostname="LIN66010984" failures="0" tests="4" name="Default test" time="43.475" errors="0" timestamp="2023-10-06T15:24:05 IST">
  <testcase classname="com.testCases.TC_001_LoginHRM_AppTest" name="testLoginPage" time="4.38"/>
  <testcase classname="com.testCases.TC_001_LoginHRM_AppTest" name="testLoginPage" time="11.828"/>
  <testcase classname="com.testCases.TC_001_LoginHRM_AppTest" name="testLoginPage" time="11.99"/>
  <testcase classname="com.testCases.TC_001_LoginHRM_AppTest" name="testLoginPage" time="5.635"/>
</testsuite> <!-- Default test -->
