<?xml version="1.0" encoding="UTF-8"?>
<!-- Generated by org.testng.reporters.JUnitXMLReporter -->
<testsuite ignored="0" hostname="LIN66010984" failures="0" tests="6" name="Test" time="8.929" errors="0" timestamp="2023-09-19T15:08:52 IST">
  <testcase classname="com.testng.HRMAppAuto" name="webDriverLaunch" time="6.475"/>
  <testcase classname="com.testng.HRMAppAuto" name="login" time="2.115"/>
  <testcase classname="com.testng.HRMAppAuto" name="close" time="0.257"/>
  <testcase classname="com.testng.NewTestng" name="test1" time="0.003"/>
  <testcase classname="com.testng.NewTestng" name="test2" time="0.002"/>
  <testcase classname="com.testng.NewTestng" name="test3" time="0.002"/>
</testsuite> <!-- Test -->
