<?xml version="1.0" encoding="UTF-8"?>
<!-- Generated by org.testng.reporters.JUnitXMLReporter -->
<testsuite ignored="0" hostname="LIN66010984" failures="1" tests="5" name="Test" time="48.52" errors="0" timestamp="2023-10-09T14:06:44 IST">
  <testcase classname="com.testCases.TC_001_LoginHRM_AppTest" name="testLoginPage" time="4.152"/>
  <testcase classname="com.testCases.TC_001_LoginHRM_AppTest" name="testLoginPage" time="11.909"/>
  <testcase classname="com.testCases.TC_001_LoginHRM_AppTest" name="testLoginPage" time="11.823"/>
  <testcase classname="com.testCases.TC_001_LoginHRM_AppTest" name="testLoginPage" time="4.176"/>
  <testcase classname="com.testCases.TC_002_MyInfoPageTest" name="testMyInfoPage" time="0.538">
    <failure type="org.testng.internal.reflect.MethodMatcherException" message="
[void com.testCases.TC_002_MyInfoPageTest.testMyInfoPage(java.lang.String,java.lang.String)] has no parameters defined but was found to be using a data provider (either explicitly specified or inherited from class level annotation).
Data provider mismatch
Method: testMyInfoPage([java.lang.String arg0, java.lang.String arg1])
Arguments: [(java.lang.String) Admin,(java.lang.String) admin123,(java.lang.String) Valid]">
      <![CDATA[org.testng.internal.reflect.MethodMatcherException: 
[void com.testCases.TC_002_MyInfoPageTest.testMyInfoPage(java.lang.String,java.lang.String)] has no parameters defined but was found to be using a data provider (either explicitly specified or inherited from class level annotation).
Data provider mismatch
Method: testMyInfoPage([java.lang.String arg0, java.lang.String arg1])
Arguments: [(java.lang.String) Admin,(java.lang.String) admin123,(java.lang.String) Valid]
at java.base/java.util.ArrayList.forEach(ArrayList.java:1511)
... Removed 22 stack frames]]>
    </failure>
  </testcase> <!-- testMyInfoPage -->
</testsuite> <!-- Test -->
