<?xml version="1.0" encoding="UTF-8"?>
<testng-results ignored="0" total="4" passed="4" failed="0" skipped="0">
  <reporter-output>
  </reporter-output>
  <suite started-at="2023-10-06T15:40:42 IST" name="Default suite" finished-at="2023-10-06T15:41:29 IST" duration-ms="47077">
    <groups>
    </groups>
    <test started-at="2023-10-06T15:40:42 IST" name="Default test" finished-at="2023-10-06T15:41:29 IST" duration-ms="47077">
      <class name="com.testCases.TC_001_LoginHRM_AppTest">
        <test-method is-config="true" signature="setUp()[pri:0, instance:com.testCases.TC_001_LoginHRM_AppTest@169bb4dd]" started-at="2023-10-06T15:40:42 IST" name="setUp" finished-at="2023-10-06T15:40:54 IST" duration-ms="12025" status="PASS">
          <reporter-output>
          </reporter-output>
        </test-method> <!-- setUp -->
        <test-method signature="testLoginPage(java.lang.String,java.lang.String,java.lang.String)[pri:0, instance:com.testCases.TC_001_LoginHRM_AppTest@169bb4dd]" started-at="2023-10-06T15:40:56 IST" name="testLoginPage" data-provider="loginData" finished-at="2023-10-06T15:41:01 IST" duration-ms="5675" status="PASS">
          <params>
            <param index="0">
              <value>
                <![CDATA[Admin]]>
              </value>
            </param>
            <param index="1">
              <value>
                <![CDATA[admin123]]>
              </value>
            </param>
            <param index="2">
              <value>
                <![CDATA[Valid]]>
              </value>
            </param>
          </params>
          <reporter-output>
          </reporter-output>
        </test-method> <!-- testLoginPage -->
        <test-method signature="testLoginPage(java.lang.String,java.lang.String,java.lang.String)[pri:0, instance:com.testCases.TC_001_LoginHRM_AppTest@169bb4dd]" started-at="2023-10-06T15:41:01 IST" name="testLoginPage" data-provider="loginData" finished-at="2023-10-06T15:41:13 IST" duration-ms="11426" status="PASS">
          <params>
            <param index="0">
              <value>
                <![CDATA[Admin1]]>
              </value>
            </param>
            <param index="1">
              <value>
                <![CDATA[admin123]]>
              </value>
            </param>
            <param index="2">
              <value>
                <![CDATA[Invalid]]>
              </value>
            </param>
          </params>
          <reporter-output>
          </reporter-output>
        </test-method> <!-- testLoginPage -->
        <test-method signature="testLoginPage(java.lang.String,java.lang.String,java.lang.String)[pri:0, instance:com.testCases.TC_001_LoginHRM_AppTest@169bb4dd]" started-at="2023-10-06T15:41:13 IST" name="testLoginPage" data-provider="loginData" finished-at="2023-10-06T15:41:25 IST" duration-ms="11931" status="PASS">
          <params>
            <param index="0">
              <value>
                <![CDATA[Admin]]>
              </value>
            </param>
            <param index="1">
              <value>
                <![CDATA[admin@123]]>
              </value>
            </param>
            <param index="2">
              <value>
                <![CDATA[Invalid]]>
              </value>
            </param>
          </params>
          <reporter-output>
          </reporter-output>
        </test-method> <!-- testLoginPage -->
        <test-method signature="testLoginPage(java.lang.String,java.lang.String,java.lang.String)[pri:0, instance:com.testCases.TC_001_LoginHRM_AppTest@169bb4dd]" started-at="2023-10-06T15:41:25 IST" name="testLoginPage" data-provider="loginData" finished-at="2023-10-06T15:41:28 IST" duration-ms="3729" status="PASS">
          <params>
            <param index="0">
              <value>
                <![CDATA[Admin]]>
              </value>
            </param>
            <param index="1">
              <value>
                <![CDATA[admin123]]>
              </value>
            </param>
            <param index="2">
              <value>
                <![CDATA[Valid]]>
              </value>
            </param>
          </params>
          <reporter-output>
          </reporter-output>
        </test-method> <!-- testLoginPage -->
        <test-method is-config="true" signature="tearDown()[pri:0, instance:com.testCases.TC_001_LoginHRM_AppTest@169bb4dd]" started-at="2023-10-06T15:41:28 IST" name="tearDown" finished-at="2023-10-06T15:41:29 IST" duration-ms="223" status="PASS">
          <reporter-output>
          </reporter-output>
        </test-method> <!-- tearDown -->
      </class> <!-- com.testCases.TC_001_LoginHRM_AppTest -->
    </test> <!-- Default test -->
  </suite> <!-- Default suite -->
</testng-results>
