<?xml version="1.0" encoding="UTF-8"?>
<testng-results ignored="0" total="4" passed="4" failed="0" skipped="0">
  <reporter-output>
  </reporter-output>
  <suite started-at="2023-10-06T15:23:21 IST" name="Default suite" finished-at="2023-10-06T15:24:05 IST" duration-ms="43475">
    <groups>
    </groups>
    <test started-at="2023-10-06T15:23:21 IST" name="Default test" finished-at="2023-10-06T15:24:05 IST" duration-ms="43475">
      <class name="com.testCases.TC_001_LoginHRM_AppTest">
        <test-method is-config="true" signature="setUp()[pri:0, instance:com.testCases.TC_001_LoginHRM_AppTest@169bb4dd]" started-at="2023-10-06T15:23:22 IST" name="setUp" finished-at="2023-10-06T15:23:29 IST" duration-ms="7767" status="PASS">
          <reporter-output>
          </reporter-output>
        </test-method> <!-- setUp -->
        <test-method signature="testLoginPage(java.lang.String,java.lang.String,java.lang.String)[pri:0, instance:com.testCases.TC_001_LoginHRM_AppTest@169bb4dd]" started-at="2023-10-06T15:23:31 IST" name="testLoginPage" data-provider="loginData" finished-at="2023-10-06T15:23:35 IST" duration-ms="4380" status="PASS">
          <params>
            <param index="0">
              <value>
                <![CDATA[Admin]]>
              </value>
            </param>
            <param index="1">
              <value>
                <![CDATA[admin123]]>
              </value>
            </param>
            <param index="2">
              <value>
                <![CDATA[Valid]]>
              </value>
            </param>
          </params>
          <reporter-output>
          </reporter-output>
        </test-method> <!-- testLoginPage -->
        <test-method signature="testLoginPage(java.lang.String,java.lang.String,java.lang.String)[pri:0, instance:com.testCases.TC_001_LoginHRM_AppTest@169bb4dd]" started-at="2023-10-06T15:23:35 IST" name="testLoginPage" data-provider="loginData" finished-at="2023-10-06T15:23:47 IST" duration-ms="11828" status="PASS">
          <params>
            <param index="0">
              <value>
                <![CDATA[Admin1]]>
              </value>
            </param>
            <param index="1">
              <value>
                <![CDATA[admin123]]>
              </value>
            </param>
            <param index="2">
              <value>
                <![CDATA[Invalid]]>
              </value>
            </param>
          </params>
          <reporter-output>
          </reporter-output>
        </test-method> <!-- testLoginPage -->
        <test-method signature="testLoginPage(java.lang.String,java.lang.String,java.lang.String)[pri:0, instance:com.testCases.TC_001_LoginHRM_AppTest@169bb4dd]" started-at="2023-10-06T15:23:47 IST" name="testLoginPage" data-provider="loginData" finished-at="2023-10-06T15:23:59 IST" duration-ms="11990" status="PASS">
          <params>
            <param index="0">
              <value>
                <![CDATA[Admin]]>
              </value>
            </param>
            <param index="1">
              <value>
                <![CDATA[admin@123]]>
              </value>
            </param>
            <param index="2">
              <value>
                <![CDATA[Invalid]]>
              </value>
            </param>
          </params>
          <reporter-output>
          </reporter-output>
        </test-method> <!-- testLoginPage -->
        <test-method signature="testLoginPage(java.lang.String,java.lang.String,java.lang.String)[pri:0, instance:com.testCases.TC_001_LoginHRM_AppTest@169bb4dd]" started-at="2023-10-06T15:23:59 IST" name="testLoginPage" data-provider="loginData" finished-at="2023-10-06T15:24:04 IST" duration-ms="5635" status="PASS">
          <params>
            <param index="0">
              <value>
                <![CDATA[Admin]]>
              </value>
            </param>
            <param index="1">
              <value>
                <![CDATA[admin123]]>
              </value>
            </param>
            <param index="2">
              <value>
                <![CDATA[Valid]]>
              </value>
            </param>
          </params>
          <reporter-output>
          </reporter-output>
        </test-method> <!-- testLoginPage -->
        <test-method is-config="true" signature="tearDown()[pri:0, instance:com.testCases.TC_001_LoginHRM_AppTest@169bb4dd]" started-at="2023-10-06T15:24:04 IST" name="tearDown" finished-at="2023-10-06T15:24:05 IST" duration-ms="204" status="PASS">
          <reporter-output>
          </reporter-output>
        </test-method> <!-- tearDown -->
      </class> <!-- com.testCases.TC_001_LoginHRM_AppTest -->
    </test> <!-- Default test -->
  </suite> <!-- Default suite -->
</testng-results>
